** Message: environement.vala:58: Exporting primary_variable
** Message: environement.vala:59: desktop_environnement XDG_CURRENT_DESKTOP
** Message: environement.vala:176: custom_config :
** Message: environement.vala:177: config_dirs :/etc/xdg
** Message: environement.vala:178: confir_dirs not null, export : /etc/xdg
** Message: environement.vala:183: Exporting XDG_CONFIG_DIRS
** Message: environement.vala:217: custom_data :
** Message: environement.vala:218: data_dirs :/usr/local/share:/usr/share/raspi-ui-overrides:/usr/share:/usr/share/gdm:/var/lib/menu-xdg
** Message: environement.vala:219: data_dirs not null, export : /usr/local/share:/usr/share/raspi-ui-overrides:/usr/share:/usr/share/gdm:/var/lib/menu-xdg
** Message: environement.vala:224: Exporting XDG_DATA_DIRS
** Message: utils.vala:68: User config used : /home/pi/.config/lxsession/LXDE-pi/desktop.conf
** Message: utils.vala:89: Final file used : /home/pi/.config/lxsession/LXDE-pi/desktop.conf
** Message: settings.vala:527: Key file does not have key 'iGtk/ColorScheme'
** Message: settings.vala:527: Key file does not have key 'windows_manager/command'
** Message: settings.vala:527: Key file does not have key 'panel/command'
** Message: settings.vala:527: Key file does not have key 'dock/command'
** Message: settings.vala:527: Key file does not have key 'file_manager/command'
** Message: settings.vala:527: Key file does not have key 'desktop_manager/command'
** Message: settings.vala:527: Key file does not have key 'launcher_manager/autostart'
** Message: settings.vala:527: Key file does not have key 'composite_manager/command'
** Message: settings.vala:527: Key file does not have key 'im1/command'
** Message: settings.vala:527: Key file does not have key 'im2/command'
** Message: settings.vala:527: Key file does not have key 'widget1/command'
** Message: settings.vala:527: Key file does not have key 'notification/command'
** Message: settings.vala:527: Key file does not have key 'keybindings/command'
** Message: settings.vala:527: Key file does not have key 'screensaver/command'
** Message: settings.vala:527: Key file does not have key 'power_manager/command'
** Message: settings.vala:527: Key file does not have key 'audio_manager/command'
** Message: settings.vala:527: Key file does not have key 'workspace_manager/command'
** Message: settings.vala:527: Key file does not have key 'screenshot_manager/command'
** Message: settings.vala:527: Key file does not have key 'message_manager/command'
** Message: settings.vala:527: Key file does not have key 'upgrade_manager/command'
** Message: settings.vala:527: Key file does not have key 'upstart_user_session'
** Message: settings.vala:527: Key file does not have key 'proxy_manager/http'
** Message: settings.vala:527: Key file does not have key 'a11y/command'
** Message: settings.vala:527: Key file does not have key 'xrandr/command'
** Message: settings.vala:527: Key file does not have key 'network_gui/command'
** Message: settings.vala:527: Key file does not have key 'webbrowser/command'
** Message: settings.vala:527: Key file does not have key 'email/command'
** Message: settings.vala:527: Key file does not have key 'pdf_reader/command'
** Message: settings.vala:527: Key file does not have key 'video_player/command'
** Message: settings.vala:527: Key file does not have key 'audio_player/command'
** Message: settings.vala:527: Key file does not have key 'images_display/command'
** Message: settings.vala:527: Key file does not have key 'text_editor/command'
** Message: settings.vala:527: Key file does not have key 'archive/command'
** Message: settings.vala:527: Key file does not have key 'charmap/command'
** Message: settings.vala:527: Key file does not have key 'calculator/command'
** Message: settings.vala:527: Key file does not have key 'spreadsheet/command'
** Message: settings.vala:527: Key file does not have key 'bittorent/command'
** Message: settings.vala:527: Key file does not have key 'document/command'
** Message: settings.vala:527: Key file does not have key 'webcam/command'
** Message: settings.vala:527: Key file does not have key 'burn/command'
** Message: settings.vala:527: Key file does not have key 'notes/command'
** Message: settings.vala:527: Key file does not have key 'disk_utility/command'
** Message: settings.vala:527: Key file does not have key 'tasks/command'
** Message: settings.vala:527: Key file does not have group 'Keymap'
** Message: settings.vala:527: Key file does not have key 'laptop_mode'
** Message: settings.vala:527: Key file does not have key 'gnome'
** Message: settings.vala:527: Key file does not have group 'Updates'
** Message: settings.vala:527: Key file does not have key 'type'
** Message: settings.vala:449: Monitoring: /home/pi/.config/lxsession/LXDE-pi/desktop.conf
** Message: settings.vala:453: Desktop file is already in config home, do nothing
** Message: environement.vala:79: Exporting variable
** Message: environement.vala:80: desktop_environnement XDG_CURRENT_DESKTOP
** Message: environement.vala:176: custom_config :
** Message: environement.vala:177: config_dirs :/etc/xdg
** Message: environement.vala:178: confir_dirs not null, export : /etc/xdg
** Message: environement.vala:183: Exporting XDG_CONFIG_DIRS
** Message: environement.vala:217: custom_data :
** Message: environement.vala:218: data_dirs :/usr/local/share:/usr/share/raspi-ui-overrides:/usr/share:/usr/share/gdm:/var/lib/menu-xdg
** Message: environement.vala:219: data_dirs not null, export : /usr/local/share:/usr/share/raspi-ui-overrides:/usr/share:/usr/share/gdm:/var/lib/menu-xdg
** Message: environement.vala:224: Exporting XDG_DATA_DIRS
** Message: utils.vala:79: Config system location : /etc/xdg/lxsession/LXDE-pi
** Message: utils.vala:85: System system path location : /etc/xdg/lxsession/LXDE-pi/conffiles.conf
** Message: utils.vala:89: Final file used : /etc/xdg/lxsession/LXDE-pi/conffiles.conf
** Message: options.vala:164: Activate xsettings_manager build-in
** Message: utils.vala:68: User config used : /home/pi/.config/lxsession/LXDE-pi/desktop.conf
** Message: utils.vala:89: Final file used : /home/pi/.config/lxsession/LXDE-pi/desktop.conf
xprop:  no such property "_NET_NUMBER_OF_DESKTOPS"
xprop:  no such property "_NET_DESKTOP_NAMES"
** Message: app.vala:717: polkit separate
** Message: app.vala:717: polkit separate
** Message: app.vala:76: Launching lxpolkit 
** Message: utils.vala:68: User config used : /home/pi/.config/lxsession/LXDE-pi/autostart
** Message: utils.vala:89: Final file used : /home/pi/.config/lxsession/LXDE-pi/autostart
** Message: autostart.vala:42: Autostart path : /home/pi/.config/lxsession/LXDE-pi/autostart
** Message: app.vala:76: Launching lxpanel 
** Message: app.vala:76: Launching pcmanfm 
Obt-Message: XKB extension is not present on the server or too old
Obt-Message: Xinerama extension is not present on the server
Obt-Message: XRandR extension is not present on the server
Xlib:  extension "RANDR" missing on display ":2".

** (lxsession:2915): WARNING **: app.vala:86: Failed to execute child process "xscreensaver" (No such file or directory)

** (lxsession:2915): WARNING **: app.vala:87: Error when launching xscreensaver
** Message: app.vala:76: Launching point-rpi 
Xlib:  extension "RANDR" missing on display ":2".
** Message: app.vala:76: Launching xset 
** Message: app.vala:76: Launching xset 
** Message: app.vala:76: Launching xset 
server does not have extension for -dpms option
Xlib:  extension "RANDR" missing on display ":2".
** Message: options.vala:107: Create build-in Clipboard
** Message: main.vala:429: Check keymap_mode (null)

** (lxpolkit:2976): WARNING **: Unable to register authentication agent: GDBus.Error:org.freedesktop.PolicyKit1.Error.Failed: An authentication agent already exists for the given subject
** Message: app.vala:76: Launching /usr/bin/ssh-agent 
SSH_AUTH_SOCK=/tmp/ssh-Dyvavk8yNcDq/agent.2987; export SSH_AUTH_SOCK;
SSH_AGENT_PID=2990; export SSH_AGENT_PID;
echo Agent pid 2990;
** Message: app.vala:130: point-rpi exit with this type of exit: 0
** Message: app.vala:139: Exit normal, don't reload
** Message: app.vala:130: xset exit with this type of exit: 0
** Message: app.vala:139: Exit normal, don't reload
** Message: app.vala:130: xset exit with this type of exit: 0
** Message: app.vala:139: Exit normal, don't reload
** Message: app.vala:130: xset exit with this type of exit: 0
** Message: app.vala:139: Exit normal, don't reload
** Message: app.vala:130: /usr/bin/ssh-agent exit with this type of exit: 0
Xlib:  extension "XInputExtension" missing on display ":2".
Xlib:  extension "XInputExtension" missing on display ":2".
Openbox-Message: Requested key "Print" does not exist on the display
Openbox-Message: Requested key "Super_L" does not exist on the display
Openbox-Message: Requested key "XF86AudioRaiseVolume" does not exist on the display
Openbox-Message: Requested key "XF86AudioLowerVolume" does not exist on the display
Openbox-Message: Requested key "XF86AudioMute" does not exist on the display
Openbox-Message: Unable to find a valid menu file "/usr/share/lxde/openbox/menu.xml"

** (zenity:3000): WARNING **: Error retrieving accessibility bus address: org.freedesktop.DBus.Error.ServiceUnknown: The name org.a11y.Bus was not provided by any .service files
** Message: x-terminal-emulator has very limited support, consider choose another terminal
** Message: x-terminal-emulator has very limited support, consider choose another terminal
** Message: Connecting ...
** Message: Status changed to down
** Message: Status changed to opened
** Message: Connected to dhcpcd-6.7.1
** Message: Status changed to connected
** Message: eth0: CARRIER
** Message: eth0: Configured 10.1.10.34/20
** Message: eth0: Configured fd00::1:89d4:7406:b960:1d09/64
** Message: wlan0: Not associated
Gtk-Message: GtkDialog mapped without a transient parent. This is discouraged.
** Message: bt: Name org.bluez owned on DBus
** Message: bt: New agent manager found
** Message: bt: New adapter found
** Message: va: Name org.bluez owned on DBus
** Message: va: Stopping PulseAudio
XKB extension not present on :2
Xlib:  extension "XInputExtension" missing on display ":2".
** Message: app.vala:130: lxpolkit exit with this type of exit: 2
Xlib:  extension "XInputExtension" missing on display ":2".
** Message: app.vala:148: Exit not normal, try to reload
XIO:  fatal IO error 11 (Resource temporarily unavailable) on X server ":2"
      after 5515 requests (5515 known processed) with 0 events remaining.
** Message: app.vala:76: Launching lxpolkit 
lxsession: Fatal IO error 11 (Resource temporarily unavailable) on X server :2.
openbox-lxde-pi (null) 
lxpolkit (null) 
lxpanel --profile LXDE-pi (null) 
pcmanfm --desktop --profile LXDE-pi (null) 
point-rpi (null) 
xset s noblank (null) 
xset s off (null) 
xset -dpms (null) 
/usr/bin/ssh-agent -s (null) 
lxpolkit (null) 
pcmanfm: Fatal IO error 11 (Resource temporarily unavailable) on X server :2.

(lxpolkit:4675): Gtk-WARNING **: cannot open display: :2
E: [pulseaudio] main.c: Failed to kill daemon: No such process
 Message: utils.vala:68: User config used : /home/pi/.config/lxsession/LXDE-pi/desktop.conf
** Message: utils.vala:89: Final file used : /home/pi/.config/lxsession/LXDE-pi/desktop.conf
** Message: settings.vala:490: Reload the xsettings option
** Message: settings.vala:496: Desktop file change, reloading XSettings daemon
** Message: options.vala:186: Reload xsettings_manager build-in
** Message: utils.vala:68: User config used : /home/pi/.config/lxsession/LXDE-pi/desktop.conf
** Message: utils.vala:89: Final file used : /home/pi/.config/lxsession/LXDE-pi/desktop.conf
** Message: settings.vala:490: Reload the xsettings option
** Message: settings.vala:496: Desktop file change, reloading XSettings daemon
** Message: options.vala:186: Reload xsettings_manager build-in
** Message: utils.vala:68: User config used : /home/pi/.config/lxsession/LXDE-pi/desktop.conf
** Message: utils.vala:89: Final file used : /home/pi/.config/lxsession/LXDE-pi/desktop.conf
** Message: settings.vala:490: Reload the xsettings option
** Message: settings.vala:496: Desktop file change, reloading XSettings daemon
** Message: options.vala:186: Reload xsettings_manager build-in
** Message: utils.vala:68: User config used : /home/pi/.config/lxsession/LXDE-pi/desktop.conf
** Message: utils.vala:89: Final file used : /home/pi/.config/lxsession/LXDE-pi/desktop.conf
** Message: settings.vala:490: Reload the xsettings option
** Message: settings.vala:496: Desktop file change, reloading XSettings daemon
** Message: options.vala:186: Reload xsettings_manager build-in
** Message: utils.vala:68: User config used : /home/pi/.config/lxsession/LXDE-pi/desktop.conf
** Message: utils.vala:89: Final file used : /home/pi/.config/lxsession/LXDE-pi/desktop.conf
** Message: settings.vala:490: Reload the xsettings option
** Message: settings.vala:496: Desktop file change, reloading XSettings daemon
** Message: options.vala:186: Reload xsettings_manager build-in
** Message: utils.vala:68: User config used : /home/pi/.config/lxsession/LXDE-pi/desktop.conf
** Message: utils.vala:89: Final file used : /home/pi/.config/lxsession/LXDE-pi/desktop.conf
** Message: bt: Object manager - object at /org/bluez/hci0 property changed - org.bluez.Adapter1 {'Class': <uint32 524288>}
** Message: bt: Object manager - object at /org/bluez/hci0 property changed - org.bluez.Adapter1 {'UUIDs': <['00001200-0000-1000-8000-00805f9b34fb', '00001800-0000-1000-8000-00805f9b34fb', '00001801-0000-1000-8000-00805f9b34fb', '0000110e-0000-1000-8000-00805f9b34fb', '0000110c-0000-1000-8000-00805f9b34fb', '0000110a-0000-1000-8000-00805f9b34fb', '0000110b-0000-1000-8000-00805f9b34fb']>}
** Message: bt: Object manager - object at /org/bluez/hci0 property changed - org.bluez.Adapter1 {'Class': <uint32 786432>}
** Message: bt: Object manager - object at /org/bluez/hci0 property changed - org.bluez.Adapter1 {'UUIDs': <['00001200-0000-1000-8000-00805f9b34fb', '00001800-0000-1000-8000-00805f9b34fb', '00001801-0000-1000-8000-00805f9b34fb', '0000110e-0000-1000-8000-00805f9b34fb', '0000110c-0000-1000-8000-00805f9b34fb', '0000110a-0000-1000-8000-00805f9b34fb', '0000110b-0000-1000-8000-00805f9b34fb']>}
** Message: settings.vala:490: Reload the xsettings option
** Message: settings.vala:496: Desktop file change, reloading XSettings daemon
** Message: options.vala:186: Reload xsettings_manager build-in
** Message: utils.vala:68: User config used : /home/pi/.config/lxsession/LXDE-pi/desktop.conf
** Message: utils.vala:89: Final file used : /home/pi/.config/lxsession/LXDE-pi/desktop.conf
** Message: settings.vala:490: Reload the xsettings option
** Message: settings.vala:496: Desktop file change, reloading XSettings daemon
** Message: options.vala:186: Reload xsettings_manager build-in
** Message: utils.vala:68: User config used : /home/pi/.config/lxsession/LXDE-pi/desktop.conf
** Message: utils.vala:89: Final file used : /home/pi/.config/lxsession/LXDE-pi/desktop.conf
** Message: settings.vala:490: Reload the xsettings option
** Message: settings.vala:496: Desktop file change, reloading XSettings daemon
** Message: options.vala:186: Reload xsettings_manager build-in
** Message: utils.vala:68: User config used : /home/pi/.config/lxsession/LXDE-pi/desktop.conf
** Message: utils.vala:89: Final file used : /home/pi/.config/lxsession/LXDE-pi/desktop.conf
** Message: settings.vala:490: Reload the xsettings option
** Message: settings.vala:496: Desktop file change, reloading XSettings daemon
** Message: options.vala:186: Reload xsettings_manager build-in
** Message: utils.vala:68: User config used : /home/pi/.config/lxsession/LXDE-pi/desktop.conf
** Message: utils.vala:89: Final file used : /home/pi/.config/lxsession/LXDE-pi/desktop.conf
** Message: settings.vala:490: Reload the xsettings option
** Message: settings.vala:496: Desktop file change, reloading XSettings daemon
** Message: options.vala:186: Reload xsettings_manager build-in
** Message: utils.vala:68: User config used : /home/pi/.config/lxsession/LXDE-pi/desktop.conf
** Message: utils.vala:89: Final file used : /home/pi/.config/lxsession/LXDE-pi/desktop.conf
** Message: settings.vala:490: Reload the xsettings option
** Message: settings.vala:496: Desktop file change, reloading XSettings daemon
** Message: options.vala:186: Reload xsettings_manager build-in
** Message: utils.vala:68: User config used : /home/pi/.config/lxsession/LXDE-pi/desktop.conf
** Message: utils.vala:89: Final file used : /home/pi/.config/lxsession/LXDE-pi/desktop.conf
** Message: settings.vala:490: Reload the xsettings option
** Message: settings.vala:496: Desktop file change, reloading XSettings daemon
** Message: options.vala:186: Reload xsettings_manager build-in
** Message: utils.vala:68: User config used : /home/pi/.config/lxsession/LXDE-pi/desktop.conf
** Message: utils.vala:89: Final file used : /home/pi/.config/lxsession/LXDE-pi/desktop.conf
** Message: settings.vala:490: Reload the xsettings option
** Message: settings.vala:496: Desktop file change, reloading XSettings daemon
** Message: options.vala:186: Reload xsettings_manager build-in
** Message: utils.vala:68: User config used : /home/pi/.config/lxsession/LXDE-pi/desktop.conf
** Message: utils.vala:89: Final file used : /home/pi/.config/lxsession/LXDE-pi/desktop.conf
** Message: settings.vala:490: Reload the xsettings option
** Message: settings.vala:496: Desktop file change, reloading XSettings daemon
** Message: options.vala:186: Reload xsettings_manager build-in
** Message: utils.vala:68: User config used : /home/pi/.config/lxsession/LXDE-pi/desktop.conf
** Message: utils.vala:89: Final file used : /home/pi/.config/lxsession/LXDE-pi/desktop.conf
** Message: settings.vala:490: Reload the xsettings option
** Message: settings.vala:496: Desktop file change, reloading XSettings daemon
** Message: options.vala:186: Reload xsettings_manager build-in
** Message: utils.vala:68: User config used : /home/pi/.config/lxsession/LXDE-pi/desktop.conf
** Message: utils.vala:89: Final file used : /home/pi/.config/lxsession/LXDE-pi/desktop.conf
** Message: settings.vala:490: Reload the xsettings option
** Message: settings.vala:496: Desktop file change, reloading XSettings daemon
** Message: options.vala:186: Reload xsettings_manager build-in
** Message: utils.vala:68: User config used : /home/pi/.config/lxsession/LXDE-pi/desktop.conf
** Message: utils.vala:89: Final file used : /home/pi/.config/lxsession/LXDE-pi/desktop.conf
** Message: settings.vala:490: Reload the xsettings option
** Message: settings.vala:496: Desktop file change, reloading XSettings daemon
** Message: options.vala:186: Reload xsettings_manager build-in
** Message: utils.vala:68: User config used : /home/pi/.config/lxsession/LXDE-pi/desktop.conf
** Message: utils.vala:89: Final file used : /home/pi/.config/lxsession/LXDE-pi/desktop.conf
** Message: settings.vala:490: Reload the xsettings option
** Message: settings.vala:496: Desktop file change, reloading XSettings daemon
** Message: options.vala:186: Reload xsettings_manager build-in
** Message: utils.vala:68: User config used : /home/pi/.config/lxsession/LXDE-pi/desktop.conf
** Message: utils.vala:89: Final file used : /home/pi/.config/lxsession/LXDE-pi/desktop.conf
** Message: settings.vala:490: Reload the xsettings option
** Message: settings.vala:496: Desktop file change, reloading XSettings daemon
** Message: options.vala:186: Reload xsettings_manager build-in
** Message: utils.vala:68: User config used : /home/pi/.config/lxsession/LXDE-pi/desktop.conf
** Message: utils.vala:89: Final file used : /home/pi/.config/lxsession/LXDE-pi/desktop.conf
** Message: settings.vala:490: Reload the xsettings option
** Message: settings.vala:496: Desktop file change, reloading XSettings daemon
** Message: options.vala:186: Reload xsettings_manager build-in
** Message: utils.vala:68: User config used : /home/pi/.config/lxsession/LXDE-pi/desktop.conf
** Message: utils.vala:89: Final file used : /home/pi/.config/lxsession/LXDE-pi/desktop.conf
** Message: settings.vala:490: Reload the xsettings option
** Message: settings.vala:496: Desktop file change, reloading XSettings daemon
** Message: options.vala:186: Reload xsettings_manager build-in
** Message: utils.vala:68: User config used : /home/pi/.config/lxsession/LXDE-pi/desktop.conf
** Message: utils.vala:89: Final file used : /home/pi/.config/lxsession/LXDE-pi/desktop.conf
** Message: settings.vala:490: Reload the xsettings option
** Message: settings.vala:496: Desktop file change, reloading XSettings daemon
** Message: options.vala:186: Reload xsettings_manager build-in
** Message: utils.vala:68: User config used : /home/pi/.config/lxsession/LXDE-pi/desktop.conf
** Message: utils.vala:89: Final file used : /home/pi/.config/lxsession/LXDE-pi/desktop.conf
** Message: settings.vala:490: Reload the xsettings option
** Message: settings.vala:496: Desktop file change, reloading XSettings daemon
** Message: options.vala:186: Reload xsettings_manager build-in
** Message: utils.vala:68: User config used : /home/pi/.config/lxsession/LXDE-pi/desktop.conf
** Message: utils.vala:89: Final file used : /home/pi/.config/lxsession/LXDE-pi/desktop.conf
** Message: settings.vala:490: Reload the xsettings option
** Message: settings.vala:496: Desktop file change, reloading XSettings daemon
** Message: options.vala:186: Reload xsettings_manager build-in
** Message: utils.vala:68: User config used : /home/pi/.config/lxsession/LXDE-pi/desktop.conf
** Message: utils.vala:89: Final file used : /home/pi/.config/lxsession/LXDE-pi/desktop.conf
** Message: settings.vala:490: Reload the xsettings option
** Message: settings.vala:496: Desktop file change, reloading XSettings daemon
** Message: options.vala:186: Reload xsettings_manager build-in
** Message: utils.vala:68: User config used : /home/pi/.config/lxsession/LXDE-pi/desktop.conf
** Message: utils.vala:89: Final file used : /home/pi/.config/lxsession/LXDE-pi/desktop.conf
** Message: settings.vala:490: Reload the xsettings option
** Message: settings.vala:496: Desktop file change, reloading XSettings daemon
** Message: options.vala:186: Reload xsettings_manager build-in
** Message: utils.vala:68: User config used : /home/pi/.config/lxsession/LXDE-pi/desktop.conf
** Message: utils.vala:89: Final file used : /home/pi/.config/lxsession/LXDE-pi/desktop.conf
** Message: settings.vala:490: Reload the xsettings option
** Message: settings.vala:496: Desktop file change, reloading XSettings daemon
** Message: options.vala:186: Reload xsettings_manager build-in
** Message: utils.vala:68: User config used : /home/pi/.config/lxsession/LXDE-pi/desktop.conf
** Message: utils.vala:89: Final file used : /home/pi/.config/lxsession/LXDE-pi/desktop.conf
** Message: settings.vala:490: Reload the xsettings option
** Message: settings.vala:496: Desktop file change, reloading XSettings daemon
** Message: options.vala:186: Reload xsettings_manager build-in
** Message: utils.vala:68: User config used : /home/pi/.config/lxsession/LXDE-pi/desktop.conf
** Message: utils.vala:89: Final file used : /home/pi/.config/lxsession/LXDE-pi/desktop.conf
** Message: settings.vala:490: Reload the xsettings option
** Message: settings.vala:496: Desktop file change, reloading XSettings daemon
** Message: options.vala:186: Reload xsettings_manager build-in
** Message: utils.vala:68: User config used : /home/pi/.config/lxsession/LXDE-pi/desktop.conf
** Message: utils.vala:89: Final file used : /home/pi/.config/lxsession/LXDE-pi/desktop.conf
** Message: settings.vala:490: Reload the xsettings option
** Message: settings.vala:496: Desktop file change, reloading XSettings daemon
** Message: options.vala:186: Reload xsettings_manager build-in
** Message: utils.vala:68: User config used : /home/pi/.config/lxsession/LXDE-pi/desktop.conf
** Message: utils.vala:89: Final file used : /home/pi/.config/lxsession/LXDE-pi/desktop.conf
** Message: settings.vala:490: Reload the xsettings option
** Message: settings.vala:496: Desktop file change, reloading XSettings daemon
** Message: options.vala:186: Reload xsettings_manager build-in
** Message: utils.vala:68: User config used : /home/pi/.config/lxsession/LXDE-pi/desktop.conf
** Message: utils.vala:89: Final file used : /home/pi/.config/lxsession/LXDE-pi/desktop.conf
** Message: settings.vala:490: Reload the xsettings option
** Message: settings.vala:496: Desktop file change, reloading XSettings daemon
** Message: options.vala:186: Reload xsettings_manager build-in
** Message: utils.vala:68: User config used : /home/pi/.config/lxsession/LXDE-pi/desktop.conf
** Message: utils.vala:89: Final file used : /home/pi/.config/lxsession/LXDE-pi/desktop.conf
** Message: settings.vala:490: Reload the xsettings option
** Message: settings.vala:496: Desktop file change, reloading XSettings daemon
** Message: options.vala:186: Reload xsettings_manager build-in
** Message: utils.vala:68: User config used : /home/pi/.config/lxsession/LXDE-pi/desktop.conf
** Message: utils.vala:89: Final file used : /home/pi/.config/lxsession/LXDE-pi/desktop.conf
** Message: settings.vala:490: Reload the xsettings option
** Message: settings.vala:496: Desktop file change, reloading XSettings daemon
** Message: options.vala:186: Reload xsettings_manager build-in
** Message: utils.vala:68: User config used : /home/pi/.config/lxsession/LXDE-pi/desktop.conf
** Message: utils.vala:89: Final file used : /home/pi/.config/lxsession/LXDE-pi/desktop.conf
** Message: settings.vala:490: Reload the xsettings option
** Message: settings.vala:496: Desktop file change, reloading XSettings daemon
** Message: options.vala:186: Reload xsettings_manager build-in
** Message: utils.vala:68: User config used : /home/pi/.config/lxsession/LXDE-pi/desktop.conf
** Message: utils.vala:89: Final file used : /home/pi/.config/lxsession/LXDE-pi/desktop.conf
** Message: settings.vala:490: Reload the xsettings option
** Message: settings.vala:496: Desktop file change, reloading XSettings daemon
** Message: options.vala:186: Reload xsettings_manager build-in
** Message: utils.vala:68: User config used : /home/pi/.config/lxsession/LXDE-pi/desktop.conf
** Message: utils.vala:89: Final file used : /home/pi/.config/lxsession/LXDE-pi/desktop.conf
** Message: settings.vala:490: Reload the xsettings option
** Message: settings.vala:496: Desktop file change, reloading XSettings daemon
** Message: options.vala:186: Reload xsettings_manager build-in
** Message: utils.vala:68: User config used : /home/pi/.config/lxsession/LXDE-pi/desktop.conf
** Message: utils.vala:89: Final file used : /home/pi/.config/lxsession/LXDE-pi/desktop.conf
** Message: bt: Object manager - object at /org/bluez/hci0 property changed - org.bluez.Adapter1 {'Class': <uint32 262144>}
** Message: bt: Object manager - object at /org/bluez/hci0 property changed - org.bluez.Adapter1 {'UUIDs': <['00001200-0000-1000-8000-00805f9b34fb', '00001800-0000-1000-8000-00805f9b34fb', '00001801-0000-1000-8000-00805f9b34fb', '0000110e-0000-1000-8000-00805f9b34fb', '0000110c-0000-1000-8000-00805f9b34fb']>}
** Message: bt: Object manager - object at /org/bluez/hci0 property changed - org.bluez.Adapter1 {'Class': <uint32 0>}
** Message: bt: Object manager - object at /org/bluez/hci0 property changed - org.bluez.Adapter1 {'UUIDs': <['00001200-0000-1000-8000-00805f9b34fb', '00001800-0000-1000-8000-00805f9b34fb', '00001801-0000-1000-8000-00805f9b34fb', '0000110e-0000-1000-8000-00805f9b34fb', '0000110c-0000-1000-8000-00805f9b34fb']>}
** Message: settings.vala:490: Reload the xsettings option
** Message: settings.vala:496: Desktop file change, reloading XSettings daemon
** Message: options.vala:186: Reload xsettings_manager build-in
** Message: utils.vala:68: User config used : /home/pi/.config/lxsession/LXDE-pi/desktop.conf
** Message: utils.vala:89: Final file used : /home/pi/.config/lxsession/LXDE-pi/desktop.conf
** Message: settings.vala:490: Reload the xsettings option
** Message: settings.vala:496: Desktop file change, reloading XSettings daemon
** Message: options.vala:186: Reload xsettings_manager build-in
** Message: utils.vala:68: User config used : /home/pi/.config/lxsession/LXDE-pi/desktop.conf
** Message: utils.vala:89: Final file used : /home/pi/.config/lxsession/LXDE-pi/desktop.conf
** Message: settings.vala:490: Reload the xsettings option
** Message: settings.vala:496: Desktop file change, reloading XSettings daemon
** Message: options.vala:186: Reload xsettings_manager build-in
** Message: utils.vala:68: User config used : /home/pi/.config/lxsession/LXDE-pi/desktop.conf
** Message: utils.vala:89: Final file used : /home/pi/.config/lxsession/LXDE-pi/desktop.conf
** Message: settings.vala:490: Reload the xsettings option
** Message: settings.vala:496: Desktop file change, reloading XSettings daemon
** Message: options.vala:186: Reload xsettings_manager build-in
** Message: utils.vala:68: User config used : /home/pi/.config/lxsession/LXDE-pi/desktop.conf
** Message: utils.vala:89: Final file used : /home/pi/.config/lxsession/LXDE-pi/desktop.conf
** Message: settings.vala:490: Reload the xsettings option
** Message: settings.vala:496: Desktop file change, reloading XSettings daemon
** Message: options.vala:186: Reload xsettings_manager build-in
** Message: utils.vala:68: User config used : /home/pi/.config/lxsession/LXDE-pi/desktop.conf
** Message: utils.vala:89: Final file used : /home/pi/.config/lxsession/LXDE-pi/desktop.conf
** Message: settings.vala:490: Reload the xsettings option
** Message: settings.vala:496: Desktop file change, reloading XSettings daemon
** Message: options.vala:186: Reload xsettings_manager build-in
** Message: utils.vala:68: User config used : /home/pi/.config/lxsession/LXDE-pi/desktop.conf
** Message: utils.vala:89: Final file used : /home/pi/.config/lxsession/LXDE-pi/desktop.conf
** Message: settings.vala:490: Reload the xsettings option
** Message: settings.vala:496: Desktop file change, reloading XSettings daemon
** Message: options.vala:186: Reload xsettings_manager build-in
** Message: utils.vala:68: User config used : /home/pi/.config/lxsession/LXDE-pi/desktop.conf
** Message: utils.vala:89: Final file used : /home/pi/.config/lxsession/LXDE-pi/desktop.conf
** Message: settings.vala:490: Reload the xsettings option
** Message: settings.vala:496: Desktop file change, reloading XSettings daemon
** Message: options.vala:186: Reload xsettings_manager build-in
** Message: utils.vala:68: User config used : /home/pi/.config/lxsession/LXDE-pi/desktop.conf
** Message: utils.vala:89: Final file used : /home/pi/.config/lxsession/LXDE-pi/desktop.conf
** Message: settings.vala:490: Reload the xsettings option
** Message: settings.vala:496: Desktop file change, reloading XSettings daemon
** Message: options.vala:186: Reload xsettings_manager build-in
** Message: utils.vala:68: User config used : /home/pi/.config/lxsession/LXDE-pi/desktop.conf
** Message: utils.vala:89: Final file used : /home/pi/.config/lxsession/LXDE-pi/desktop.conf
** Message: settings.vala:490: Reload the xsettings option
** Message: settings.vala:496: Desktop file change, reloading XSettings daemon
** Message: options.vala:186: Reload xsettings_manager build-in
** Message: utils.vala:68: User config used : /home/pi/.config/lxsession/LXDE-pi/desktop.conf
** Message: utils.vala:89: Final file used : /home/pi/.config/lxsession/LXDE-pi/desktop.conf
** Message: settings.vala:490: Reload the xsettings option
** Message: settings.vala:496: Desktop file change, reloading XSettings daemon
** Message: options.vala:186: Reload xsettings_manager build-in
** Message: utils.vala:68: User config used : /home/pi/.config/lxsession/LXDE-pi/desktop.conf
** Message: utils.vala:89: Final file used : /home/pi/.config/lxsession/LXDE-pi/desktop.conf
** Message: settings.vala:490: Reload the xsettings option
** Message: settings.vala:496: Desktop file change, reloading XSettings daemon
** Message: options.vala:186: Reload xsettings_manager build-in
** Message: utils.vala:68: User config used : /home/pi/.config/lxsession/LXDE-pi/desktop.conf
** Message: utils.vala:89: Final file used : /home/pi/.config/lxsession/LXDE-pi/desktop.conf
** Message: settings.vala:490: Reload the xsettings option
** Message: settings.vala:496: Desktop file change, reloading XSettings daemon
** Message: options.vala:186: Reload xsettings_manager build-in
** Message: utils.vala:68: User config used : /home/pi/.config/lxsession/LXDE-pi/desktop.conf
** Message: utils.vala:89: Final file used : /home/pi/.config/lxsession/LXDE-pi/desktop.conf
** Message: settings.vala:490: Reload the xsettings option
** Message: settings.vala:496: Desktop file change, reloading XSettings daemon
** Message: options.vala:186: Reload xsettings_manager build-in
** Message: utils.vala:68: User config used : /home/pi/.config/lxsession/LXDE-pi/desktop.conf
** Message: utils.vala:89: Final file used : /home/pi/.config/lxsession/LXDE-pi/desktop.conf
** Message: settings.vala:490: Reload the xsettings option
** Message: settings.vala:496: Desktop file change, reloading XSettings daemon
** Message: options.vala:186: Reload xsettings_manager build-in
** Message: utils.vala:68: User config used : /home/pi/.config/lxsession/LXDE-pi/desktop.conf
** Message: utils.vala:89: Final file used : /home/pi/.config/lxsession/LXDE-pi/desktop.conf
** Message: settings.vala:490: Reload the xsettings option
** Message: settings.vala:496: Desktop file change, reloading XSettings daemon
** Message: options.vala:186: Reload xsettings_manager build-in
** Message: utils.vala:68: User config used : /home/pi/.config/lxsession/LXDE-pi/desktop.conf
** Message: utils.vala:89: Final file used : /home/pi/.config/lxsession/LXDE-pi/desktop.conf
** Message: settings.vala:490: Reload the xsettings option
** Message: settings.vala:496: Desktop file change, reloading XSettings daemon
** Message: options.vala:186: Reload xsettings_manager build-in
** Message: utils.vala:68: User config used : /home/pi/.config/lxsession/LXDE-pi/desktop.conf
** Message: utils.vala:89: Final file used : /home/pi/.config/lxsession/LXDE-pi/desktop.conf
** Message: settings.vala:490: Reload the xsettings option
** Message: settings.vala:496: Desktop file change, reloading XSettings daemon
** Message: options.vala:186: Reload xsettings_manager build-in
** Message: utils.vala:68: User config used : /home/pi/.config/lxsession/LXDE-pi/desktop.conf
** Message: utils.vala:89: Final file used : /home/pi/.config/lxsession/LXDE-pi/desktop.conf
** Message: settings.vala:490: Reload the xsettings option
** Message: settings.vala:496: Desktop file change, reloading XSettings daemon
** Message: options.vala:186: Reload xsettings_manager build-in
** Message: utils.vala:68: User config used : /home/pi/.config/lxsession/LXDE-pi/desktop.conf
** Message: utils.vala:89: Final file used : /home/pi/.config/lxsession/LXDE-pi/desktop.conf
** Message: settings.vala:490: Reload the xsettings option
** Message: settings.vala:496: Desktop file change, reloading XSettings daemon
** Message: options.vala:186: Reload xsettings_manager build-in
** Message: utils.vala:68: User config used : /home/pi/.config/lxsession/LXDE-pi/desktop.conf
** Message: utils.vala:89: Final file used : /home/pi/.config/lxsession/LXDE-pi/desktop.conf
** Message: settings.vala:490: Reload the xsettings option
** Message: settings.vala:496: Desktop file change, reloading XSettings daemon
** Message: options.vala:186: Reload xsettings_manager build-in
** Message: utils.vala:68: User config used : /home/pi/.config/lxsession/LXDE-pi/desktop.conf
** Message: utils.vala:89: Final file used : /home/pi/.config/lxsession/LXDE-pi/desktop.conf
** Message: settings.vala:490: Reload the xsettings option
** Message: settings.vala:496: Desktop file change, reloading XSettings daemon
** Message: options.vala:186: Reload xsettings_manager build-in
** Message: utils.vala:68: User config used : /home/pi/.config/lxsession/LXDE-pi/desktop.conf
** Message: utils.vala:89: Final file used : /home/pi/.config/lxsession/LXDE-pi/desktop.conf
** Message: settings.vala:490: Reload the xsettings option
** Message: settings.vala:496: Desktop file change, reloading XSettings daemon
** Message: options.vala:186: Reload xsettings_manager build-in
** Message: utils.vala:68: User config used : /home/pi/.config/lxsession/LXDE-pi/desktop.conf
** Message: utils.vala:89: Final file used : /home/pi/.config/lxsession/LXDE-pi/desktop.conf
** Message: settings.vala:490: Reload the xsettings option
** Message: settings.vala:496: Desktop file change, reloading XSettings daemon
** Message: options.vala:186: Reload xsettings_manager build-in
** Message: utils.vala:68: User config used : /home/pi/.config/lxsession/LXDE-pi/desktop.conf
** Message: utils.vala:89: Final file used : /home/pi/.config/lxsession/LXDE-pi/desktop.conf
** Message: settings.vala:490: Reload the xsettings option
** Message: settings.vala:496: Desktop file change, reloading XSettings daemon
** Message: options.vala:186: Reload xsettings_manager build-in
** Message: utils.vala:68: User config used : /home/pi/.config/lxsession/LXDE-pi/desktop.conf
** Message: utils.vala:89: Final file used : /home/pi/.config/lxsession/LXDE-pi/desktop.conf
** Message: settings.vala:490: Reload the xsettings option
** Message: settings.vala:496: Desktop file change, reloading XSettings daemon
** Message: options.vala:186: Reload xsettings_manager build-in
** Message: utils.vala:68: User config used : /home/pi/.config/lxsession/LXDE-pi/desktop.conf
** Message: utils.vala:89: Final file used : /home/pi/.config/lxsession/LXDE-pi/desktop.conf
** Message: settings.vala:490: Reload the xsettings option
** Message: settings.vala:496: Desktop file change, reloading XSettings daemon
** Message: options.vala:186: Reload xsettings_manager build-in
** Message: utils.vala:68: User config used : /home/pi/.config/lxsession/LXDE-pi/desktop.conf
** Message: utils.vala:89: Final file used : /home/pi/.config/lxsession/LXDE-pi/desktop.conf
** Message: settings.vala:490: Reload the xsettings option
** Message: settings.vala:496: Desktop file change, reloading XSettings daemon
** Message: options.vala:186: Reload xsettings_manager build-in
** Message: utils.vala:68: User config used : /home/pi/.config/lxsession/LXDE-pi/desktop.conf
** Message: utils.vala:89: Final file used : /home/pi/.config/lxsession/LXDE-pi/desktop.conf
** Message: settings.vala:490: Reload the xsettings option
** Message: settings.vala:496: Desktop file change, reloading XSettings daemon
** Message: options.vala:186: Reload xsettings_manager build-in
** Message: utils.vala:68: User config used : /home/pi/.config/lxsession/LXDE-pi/desktop.conf
** Message: utils.vala:89: Final file used : /home/pi/.config/lxsession/LXDE-pi/desktop.conf
** Message: settings.vala:490: Reload the xsettings option
** Message: settings.vala:496: Desktop file change, reloading XSettings daemon
** Message: options.vala:186: Reload xsettings_manager build-in
** Message: utils.vala:68: User config used : /home/pi/.config/lxsession/LXDE-pi/desktop.conf
** Message: utils.vala:89: Final file used : /home/pi/.config/lxsession/LXDE-pi/desktop.conf
** Message: settings.vala:490: Reload the xsettings option
** Message: settings.vala:496: Desktop file change, reloading XSettings daemon
** Message: options.vala:186: Reload xsettings_manager build-in
** Message: utils.vala:68: User config used : /home/pi/.config/lxsession/LXDE-pi/desktop.conf
** Message: utils.vala:89: Final file used : /home/pi/.config/lxsession/LXDE-pi/desktop.conf
** Message: settings.vala:490: Reload the xsettings option
** Message: settings.vala:496: Desktop file change, reloading XSettings daemon
** Message: options.vala:186: Reload xsettings_manager build-in
** Message: utils.vala:68: User config used : /home/pi/.config/lxsession/LXDE-pi/desktop.conf
** Message: utils.vala:89: Final file used : /home/pi/.config/lxsession/LXDE-pi/desktop.conf
** Message: settings.vala:490: Reload the xsettings option
** Message: settings.vala:496: Desktop file change, reloading XSettings daemon
** Message: options.vala:186: Reload xsettings_manager build-in
** Message: utils.vala:68: User config used : /home/pi/.config/lxsession/LXDE-pi/desktop.conf
** Message: utils.vala:89: Final file used : /home/pi/.config/lxsession/LXDE-pi/desktop.conf
** Message: settings.vala:490: Reload the xsettings option
** Message: settings.vala:496: Desktop file change, reloading XSettings daemon
** Message: options.vala:186: Reload xsettings_manager build-in
** Message: utils.vala:68: User config used : /home/pi/.config/lxsession/LXDE-pi/desktop.conf
** Message: utils.vala:89: Final file used : /home/pi/.config/lxsession/LXDE-pi/desktop.conf
** Message: settings.vala:490: Reload the xsettings option
** Message: settings.vala:496: Desktop file change, reloading XSettings daemon
** Message: options.vala:186: Reload xsettings_manager build-in
** Message: utils.vala:68: User config used : /home/pi/.config/lxsession/LXDE-pi/desktop.conf
** Message: utils.vala:89: Final file used : /home/pi/.config/lxsession/LXDE-pi/desktop.conf
** Message: settings.vala:490: Reload the xsettings option
** Message: settings.vala:496: Desktop file change, reloading XSettings daemon
** Message: options.vala:186: Reload xsettings_manager build-in
** Message: utils.vala:68: User config used : /home/pi/.config/lxsession/LXDE-pi/desktop.conf
** Message: utils.vala:89: Final file used : /home/pi/.config/lxsession/LXDE-pi/desktop.conf
** Message: settings.vala:490: Reload the xsettings option
ssage: options.vala:186: Reload xsettings_manager build-in
** Message: utils.vala:68: User config used : /home/pi/.config/lxsession/LXDE-pi/desktop.conf
** Message: utils.vala:89: Final file used : /home/pi/.config/lxsession/LXDE-pi/desktop.conf
** Message: settings.vala:490: Reload the xsettings option
** Message: settings.vala:496: Desktop file change, reloading XSettings daemon
** Message: options.vala:186: Reload xsettings_manager build-in
** Message: utils.vala:68: User config used : /home/pi/.config/lxsession/LXDE-pi/desktop.conf
** Message: utils.vala:89: Final file used : /home/pi/.config/lxsession/LXDE-pi/desktop.conf
** Message: settings.vala:490: Reload the xsettings option
** Message: settings.vala:496: Desktop file change, reloading XSettings daemon
** Message: options.vala:186: Reload xsettings_manager build-in
** Message: utils.vala:68: User config used : /home/pi/.config/lxsession/LXDE-pi/desktop.conf
** Message: utils.vala:89: Final file used : /home/pi/.config/lxsession/LXDE-pi/desktop.conf
** Message: settings.vala:490: Reload the xsettings option
** Message: settings.vala:496: Desktop file change, reloading XSettings daemon
** Message: options.vala:186: Reload xsettings_manager build-in
** Message: utils.vala:68: User config used : /home/pi/.config/lxsession/LXDE-pi/desktop.conf
** Message: utils.vala:89: Final file used : /home/pi/.config/lxsession/LXDE-pi/desktop.conf
** Message: settings.vala:490: Reload the xsettings option
** Message: settings.vala:496: Desktop file change, reloading XSettings daemon
** Message: options.vala:186: Reload xsettings_manager build-in
** Message: utils.vala:68: User config used : /home/pi/.config/lxsession/LXDE-pi/desktop.conf
** Message: utils.vala:89: Final file used : /home/pi/.config/lxsession/LXDE-pi/desktop.conf
** Message: settings.vala:490: Reload the xsettings option
** Message: settings.vala:496: Desktop file change, reloading XSettings daemon
** Message: options.vala:186: Reload xsettings_manager build-in
** Message: utils.vala:68: User config used : /home/pi/.config/lxsession/LXDE-pi/desktop.conf
** Message: utils.vala:89: Final file used : /home/pi/.config/lxsession/LXDE-pi/desktop.conf
** Message: settings.vala:490: Reload the xsettings option
** Message: settings.vala:496: Desktop file change, reloading XSettings daemon
** Message: options.vala:186: Reload xsettings_manager build-in
** Message: utils.vala:68: User config used : /home/pi/.config/lxsession/LXDE-pi/desktop.conf
** Message: utils.vala:89: Final file used : /home/pi/.config/lxsession/LXDE-pi/desktop.conf
** Message: settings.vala:490: Reload the xsettings option
** Message: settings.vala:496: Desktop file change, reloading XSettings daemon
** Message: options.vala:186: Reload xsettings_manager build-in
** Message: utils.vala:68: User config used : /home/pi/.config/lxsession/LXDE-pi/desktop.conf
** Message: utils.vala:89: Final file used : /home/pi/.config/lxsession/LXDE-pi/desktop.conf
** Message: bt: Object manager - object at /org/bluez/hci0 property changed - org.bluez.Adapter1 {'Class': <uint32 524288>}
** Message: settings.vala:490: Reload the xsettings option
** Message: settings.vala:496: Desktop file change, reloading XSettings daemon
** Message: options.vala:186: Reload xsettings_manager build-in
** Message: utils.vala:68: User config used : /home/pi/.config/lxsession/LXDE-pi/desktop.conf
** Message: utils.vala:89: Final file used : /home/pi/.config/lxsession/LXDE-pi/desktop.conf
** Message: bt: Object manager - object at /org/bluez/hci0 property changed - org.bluez.Adapter1 {'UUIDs': <['00001200-0000-1000-8000-00805f9b34fb', '00001800-0000-1000-8000-00805f9b34fb', '00001801-0000-1000-8000-00805f9b34fb', '0000110e-0000-1000-8000-00805f9b34fb', '0000110c-0000-1000-8000-00805f9b34fb', '0000110a-0000-1000-8000-00805f9b34fb', '0000110b-0000-1000-8000-00805f9b34fb']>}
** Message: bt: Object manager - object at /org/bluez/hci0 property changed - org.bluez.Adapter1 {'Class': <uint32 786432>}
** Message: bt: Object manager - object at /org/bluez/hci0 property changed - org.bluez.Adapter1 {'UUIDs': <['00001200-0000-1000-8000-00805f9b34fb', '00001800-0000-1000-8000-00805f9b34fb', '00001801-0000-1000-8000-00805f9b34fb', '0000110e-0000-1000-8000-00805f9b34fb', '0000110c-0000-1000-8000-00805f9b34fb', '0000110a-0000-1000-8000-00805f9b34fb', '0000110b-0000-1000-8000-00805f9b34fb']>}
** Message: settings.vala:490: Reload the xsettings option
** Message: settings.vala:496: Desktop file change, reloading XSettings daemon
** Message: options.vala:186: Reload xsettings_manager build-in
** Message: utils.vala:68: User config used : /home/pi/.config/lxsession/LXDE-pi/desktop.conf
** Message: utils.vala:89: Final file used : /home/pi/.config/lxsession/LXDE-pi/desktop.conf
** Message: settings.vala:490: Reload the xsettings option
** Message: settings.vala:496: Desktop file change, reloading XSettings daemon
** Message: options.vala:186: Reload xsettings_manager build-in
** Message: utils.vala:68: User config used : /home/pi/.config/lxsession/LXDE-pi/desktop.conf
** Message: utils.vala:89: Final file used : /home/pi/.config/lxsession/LXDE-pi/desktop.conf
** Message: settings.vala:490: Reload the xsettings option
** Message: settings.vala:496: Desktop file change, reloading XSettings daemon
** Message: options.vala:186: Reload xsettings_manager build-in
** Message: utils.vala:68: User config used : /home/pi/.config/lxsession/LXDE-pi/desktop.conf
** Message: utils.vala:89: Final file used : /home/pi/.config/lxsession/LXDE-pi/desktop.conf
** Message: settings.vala:490: Reload the xsettings option
** Message: settings.vala:496: Desktop file change, reloading XSettings daemon
** Message: options.vala:186: Reload xsettings_manager build-in
** Message: utils.vala:68: User config used : /home/pi/.config/lxsession/LXDE-pi/desktop.conf
** Message: utils.vala:89: Final file used : /home/pi/.config/lxsession/LXDE-pi/desktop.conf
** Message: settings.vala:490: Reload the xsettings option
** Message: settings.vala:496: Desktop file change, reloading XSettings daemon
** Message: options.vala:186: Reload xsettings_manager build-in
** Message: utils.vala:68: User config used : /home/pi/.config/lxsession/LXDE-pi/desktop.conf
** Message: utils.vala:89: Final file used : /home/pi/.config/lxsession/LXDE-pi/desktop.conf
** Message: settings.vala:490: Reload the xsettings option
** Message: settings.vala:496: Desktop file change, reloading XSettings daemon
** Message: options.vala:186: Reload xsettings_manager build-in
** Message: utils.vala:68: User config used : /home/pi/.config/lxsession/LXDE-pi/desktop.conf
** Message: utils.vala:89: Final file used : /home/pi/.config/lxsession/LXDE-pi/desktop.conf
** Message: settings.vala:490: Reload the xsettings option
** Message: settings.vala:496: Desktop file change, reloading XSettings daemon
** Message: options.vala:186: Reload xsettings_manager build-in
** Message: utils.vala:68: User config used : /home/pi/.config/lxsession/LXDE-pi/desktop.conf
** Message: utils.vala:89: Final file used : /home/pi/.config/lxsession/LXDE-pi/desktop.conf
** Message: settings.vala:490: Reload the xsettings option
** Message: settings.vala:496: Desktop file change, reloading XSettings daemon
** Message: options.vala:186: Reload xsettings_manager build-in
** Message: utils.vala:68: User config used : /home/pi/.config/lxsession/LXDE-pi/desktop.conf
** Message: utils.vala:89: Final file used : /home/pi/.config/lxsession/LXDE-pi/desktop.conf
** Message: settings.vala:490: Reload the xsettings option
** Message: settings.vala:496: Desktop file change, reloading XSettings daemon
** Message: options.vala:186: Reload xsettings_manager build-in
** Message: utils.vala:68: User config used : /home/pi/.config/lxsession/LXDE-pi/desktop.conf
** Message: utils.vala:89: Final file used : /home/pi/.config/lxsession/LXDE-pi/desktop.conf
** Message: settings.vala:490: Reload the xsettings option
** Message: settings.vala:496: Desktop file change, reloading XSettings daemon
** Message: options.vala:186: Reload xsettings_manager build-in
** Message: utils.vala:68: User config used : /home/pi/.config/lxsession/LXDE-pi/desktop.conf
** Message: utils.vala:89: Final file used : /home/pi/.config/lxsession/LXDE-pi/desktop.conf
** Message: settings.vala:490: Reload the xsettings option
** Message: settings.vala:496: Desktop file change, reloading XSettings daemon
** Message: options.vala:186: Reload xsettings_manager build-in
** Message: utils.vala:68: User config used : /home/pi/.config/lxsession/LXDE-pi/desktop.conf
** Message: utils.vala:89: Final file used : /home/pi/.config/lxsession/LXDE-pi/desktop.conf
** Message: settings.vala:490: Reload the xsettings option
** Message: settings.vala:496: Desktop file change, reloading XSettings daemon
** Message: options.vala:186: Reload xsettings_manager build-in
** Message: utils.vala:68: User config used : /home/pi/.config/lxsession/LXDE-pi/desktop.conf
** Message: utils.vala:89: Final file used : /home/pi/.config/lxsession/LXDE-pi/desktop.conf
** Message: settings.vala:490: Reload the xsettings option
** Message: settings.vala:496: Desktop file change, reloading XSettings daemon
** Message: options.vala:186: Reload xsettings_manager build-in
** Message: utils.vala:68: User config used : /home/pi/.config/lxsession/LXDE-pi/desktop.conf
** Message: utils.vala:89: Final file used : /home/pi/.config/lxsession/LXDE-pi/desktop.conf
** Message: settings.vala:490: Reload the xsettings option
** Message: settings.vala:496: Desktop file change, reloading XSettings daemon
** Message: options.vala:186: Reload xsettings_manager build-in
** Message: utils.vala:68: User config used : /home/pi/.config/lxsession/LXDE-pi/desktop.conf
** Message: utils.vala:89: Final file used : /home/pi/.config/lxsession/LXDE-pi/desktop.conf
** Message: settings.vala:490: Reload the xsettings option
** Message: settings.vala:496: Desktop file change, reloading XSettings daemon
** Message: options.vala:186: Reload xsettings_manager build-in
** Message: utils.vala:68: User config used : /home/pi/.config/lxsession/LXDE-pi/desktop.conf
** Message: utils.vala:89: Final file used : /home/pi/.config/lxsession/LXDE-pi/desktop.conf
** Message: settings.vala:490: Reload the xsettings option
** Message: settings.vala:496: Desktop file change, reloading XSettings daemon
** Message: options.vala:186: Reload xsettings_manager build-in
** Message: utils.vala:68: User config used : /home/pi/.config/lxsession/LXDE-pi/desktop.conf
** Message: utils.vala:89: Final file used : /home/pi/.config/lxsession/LXDE-pi/desktop.conf
** Message: settings.vala:490: Reload the xsettings option
** Message: settings.vala:496: Desktop file change, reloading XSettings daemon
** Message: options.vala:186: Reload xsettings_manager build-in
** Message: utils.vala:68: User config used : /home/pi/.config/lxsession/LXDE-pi/desktop.conf
** Message: utils.vala:89: Final file used : /home/pi/.config/lxsession/LXDE-pi/desktop.conf
** Message: settings.vala:490: Reload the xsettings option
** Message: settings.vala:496: Desktop file change, reloading XSettings daemon
** Message: options.vala:186: Reload xsettings_manager build-in
** Message: utils.vala:68: User config used : /home/pi/.config/lxsession/LXDE-pi/desktop.conf
** Message: utils.vala:89: Final file used : /home/pi/.config/lxsession/LXDE-pi/desktop.conf
** Message: settings.vala:490: Reload the xsettings option
** Message: settings.vala:496: Desktop file change, reloading XSettings daemon
** Message: options.vala:186: Reload xsettings_manager build-in
** Message: utils.vala:68: User config used : /home/pi/.config/lxsession/LXDE-pi/desktop.conf
** Message: utils.vala:89: Final file used : /home/pi/.config/lxsession/LXDE-pi/desktop.conf
** Message: settings.vala:490: Reload the xsettings option
** Message: settings.vala:496: Desktop file change, reloading XSettings daemon
** Message: options.vala:186: Reload xsettings_manager build-in
** Message: utils.vala:68: User config used : /home/pi/.config/lxsession/LXDE-pi/desktop.conf
** Message: utils.vala:89: Final file used : /home/pi/.config/lxsession/LXDE-pi/desktop.conf
** Message: settings.vala:490: Reload the xsettings option
** Message: settings.vala:496: Desktop file change, reloading XSettings daemon
** Message: options.vala:186: Reload xsettings_manager build-in
** Message: utils.vala:68: User config used : /home/pi/.config/lxsession/LXDE-pi/desktop.conf
** Message: utils.vala:89: Final file used : /home/pi/.config/lxsession/LXDE-pi/desktop.conf
** Message: settings.vala:490: Reload the xsettings option
** Message: settings.vala:496: Desktop file change, reloading XSettings daemon
** Message: options.vala:186: Reload xsettings_manager build-in
** Message: utils.vala:68: User config used : /home/pi/.config/lxsession/LXDE-pi/desktop.conf
** Message: utils.vala:89: Final file used : /home/pi/.config/lxsession/LXDE-pi/desktop.conf
** Message: settings.vala:490: Reload the xsettings option
** Message: settings.vala:496: Desktop file change, reloading XSettings daemon
** Message: options.vala:186: Reload xsettings_manager build-in
** Message: utils.vala:68: User config used : /home/pi/.config/lxsession/LXDE-pi/desktop.conf
** Message: utils.vala:89: Final file used : /home/pi/.config/lxsession/LXDE-pi/desktop.conf
** Message: settings.vala:490: Reload the xsettings option
** Message: settings.vala:496: Desktop file change, reloading XSettings daemon
** Message: options.vala:186: Reload xsettings_manager build-in
** Message: utils.vala:68: User config used : /home/pi/.config/lxsession/LXDE-pi/desktop.conf
** Message: utils.vala:89: Final file used : /home/pi/.config/lxsession/LXDE-pi/desktop.conf
** Message: settings.vala:490: Reload the xsettings option
** Message: settings.vala:496: Desktop file change, reloading XSettings daemon
** Message: options.vala:186: Reload xsettings_manager build-in
** Message: utils.vala:68: User config used : /home/pi/.config/lxsession/LXDE-pi/desktop.conf
** Message: utils.vala:89: Final file used : /home/pi/.config/lxsession/LXDE-pi/desktop.conf
** Message: settings.vala:490: Reload the xsettings option
** Message: settings.vala:496: Desktop file change, reloading XSettings daemon
** Message: options.vala:186: Reload xsettings_manager build-in
** Message: utils.vala:68: User config used : /home/pi/.config/lxsession/LXDE-pi/desktop.conf
** Message: utils.vala:89: Final file used : /home/pi/.config/lxsession/LXDE-pi/desktop.conf
** Message: settings.vala:490: Reload the xsettings option
** Message: settings.vala:496: Desktop file change, reloading XSettings daemon
** Message: options.vala:186: Reload xsettings_manager build-in
** Message: utils.vala:68: User config used : /home/pi/.config/lxsession/LXDE-pi/desktop.conf
** Message: utils.vala:89: Final file used : /home/pi/.config/lxsession/LXDE-pi/desktop.conf
** Message: settings.vala:490: Reload the xsettings option
** Message: settings.vala:496: Desktop file change, reloading XSettings daemon
** Message: options.vala:186: Reload xsettings_manager build-in
** Message: utils.vala:68: User config used : /home/pi/.config/lxsession/LXDE-pi/desktop.conf
** Message: utils.vala:89: Final file used : /home/pi/.config/lxsession/LXDE-pi/desktop.conf
** Message: settings.vala:490: Reload the xsettings option
** Message: settings.vala:496: Desktop file change, reloading XSettings daemon
** Message: options.vala:186: Reload xsettings_manager build-in
** Message: utils.vala:68: User config used : /home/pi/.config/lxsession/LXDE-pi/desktop.conf
** Message: utils.vala:89: Final file used : /home/pi/.config/lxsession/LXDE-pi/desktop.conf
** Message: settings.vala:490: Reload the xsettings option
** Message: settings.vala:496: Desktop file change, reloading XSettings daemon
** Message: options.vala:186: Reload xsettings_manager build-in
** Message: utils.vala:68: User config used : /home/pi/.config/lxsession/LXDE-pi/desktop.conf
** Message: utils.vala:89: Final file used : /home/pi/.config/lxsession/LXDE-pi/desktop.conf
** Message: settings.vala:490: Reload the xsettings option
** Message: settings.vala:496: Desktop file change, reloading XSettings daemon
** Message: options.vala:186: Reload xsettings_manager build-in
** Message: utils.vala:68: User config used : /home/pi/.config/lxsession/LXDE-pi/desktop.conf
** Message: utils.vala:89: Final file used : /home/pi/.config/lxsession/LXDE-pi/desktop.conf
** Message: bt: Object manager - object at /org/bluez/hci0 property changed - org.bluez.Adapter1 {'Class': <uint32 262144>}
** Message: bt: Object manager - object at /org/bluez/hci0 property changed - org.bluez.Adapter1 {'UUIDs': <['00001200-0000-1000-8000-00805f9b34fb', '00001800-0000-1000-8000-00805f9b34fb', '00001801-0000-1000-8000-00805f9b34fb', '0000110e-0000-1000-8000-00805f9b34fb', '0000110c-0000-1000-8000-00805f9b34fb']>}
** Message: bt: Object manager - object at /org/bluez/hci0 property changed - org.bluez.Adapter1 {'Class': <uint32 0>}
** Message: settings.vala:490: Reload the xsettings option
** Message: settings.vala:496: Desktop file change, reloading XSettings daemon
** Message: options.vala:186: Reload xsettings_manager build-in
** Message: utils.vala:68: User config used : /home/pi/.config/lxsession/LXDE-pi/desktop.conf
** Message: utils.vala:89: Final file used : /home/pi/.config/lxsession/LXDE-pi/desktop.conf
** Message: bt: Object manager - object at /org/bluez/hci0 property changed - org.bluez.Adapter1 {'UUIDs': <['00001200-0000-1000-8000-00805f9b34fb', '00001800-0000-1000-8000-00805f9b34fb', '00001801-0000-1000-8000-00805f9b34fb', '0000110e-0000-1000-8000-00805f9b34fb', '0000110c-0000-1000-8000-00805f9b34fb']>}
** Message: settings.vala:490: Reload the xsettings option
** Message: settings.vala:496: Desktop file change, reloading XSettings daemon
** Message: options.vala:186: Reload xsettings_manager build-in
** Message: utils.vala:68: User config used : /home/pi/.config/lxsession/LXDE-pi/desktop.conf
** Message: utils.vala:89: Final file used : /home/pi/.config/lxsession/LXDE-pi/desktop.conf
** Message: settings.vala:490: Reload the xsettings option
** Message: settings.vala:496: Desktop file change, reloading XSettings daemon
** Message: options.vala:186: Reload xsettings_manager build-in
** Message: utils.vala:68: User config used : /home/pi/.config/lxsession/LXDE-pi/desktop.conf
** Message: utils.vala:89: Final file used : /home/pi/.config/lxsession/LXDE-pi/desktop.conf
** Message: settings.vala:490: Reload the xsettings option
** Message: settings.vala:496: Desktop file change, reloading XSettings daemon
** Message: options.vala:186: Reload xsettings_manager build-in
** Message: utils.vala:68: User config used : /home/pi/.config/lxsession/LXDE-pi/desktop.conf
** Message: utils.vala:89: Final file used : /home/pi/.config/lxsession/LXDE-pi/desktop.conf
** Message: settings.vala:490: Reload the xsettings option
** Message: settings.vala:496: Desktop file change, reloading XSettings daemon
** Message: options.vala:186: Reload xsettings_manager build-in
** Message: utils.vala:68: User config used : /home/pi/.config/lxsession/LXDE-pi/desktop.conf
** Message: utils.vala:89: Final file used : /home/pi/.config/lxsession/LXDE-pi/desktop.conf
** Message: settings.vala:490: Reload the xsettings option
** Message: settings.vala:496: Desktop file change, reloading XSettings daemon
** Message: options.vala:186: Reload xsettings_manager build-in
** Message: utils.vala:68: User config used : /home/pi/.config/lxsession/LXDE-pi/desktop.conf
** Message: utils.vala:89: Final file used : /home/pi/.config/lxsession/LXDE-pi/desktop.conf
** Message: settings.vala:490: Reload the xsettings option
** Message: settings.vala:496: Desktop file change, reloading XSettings daemon
** Message: options.vala:186: Reload xsettings_manager build-in
** Message: utils.vala:68: User config used : /home/pi/.config/lxsession/LXDE-pi/desktop.conf
** Message: utils.vala:89: Final file used : /home/pi/.config/lxsession/LXDE-pi/desktop.conf
** Message: settings.vala:490: Reload the xsettings option
** Message: settings.vala:496: Desktop file change, reloading XSettings daemon
** Message: options.vala:186: Reload xsettings_manager build-in
** Message: utils.vala:68: User config used : /home/pi/.config/lxsession/LXDE-pi/desktop.conf
** Message: utils.vala:89: Final file used : /home/pi/.config/lxsession/LXDE-pi/desktop.conf
** Message: settings.vala:490: Reload the xsettings option
** Message: settings.vala:496: Desktop file change, reloading XSettings daemon
** Message: options.vala:186: Reload xsettings_manager build-in
** Message: utils.vala:68: User config used : /home/pi/.config/lxsession/LXDE-pi/desktop.conf
** Message: utils.vala:89: Final file used : /home/pi/.config/lxsession/LXDE-pi/desktop.conf
** Message: settings.vala:490: Reload the xsettings option
** Message: settings.vala:496: Desktop file change, reloading XSettings daemon
** Message: options.vala:186: Reload xsettings_manager build-in
** Message: utils.vala:68: User config used : /home/pi/.config/lxsession/LXDE-pi/desktop.conf
** Message: utils.vala:89: Final file used : /home/pi/.config/lxsession/LXDE-pi/desktop.conf
** Message: settings.vala:490: Reload the xsettings option
** Message: settings.vala:496: Desktop file change, reloading XSettings daemon
** Message: options.vala:186: Reload xsettings_manager build-in
** Message: utils.vala:68: User config used : /home/pi/.config/lxsession/LXDE-pi/desktop.conf
** Message: utils.vala:89: Final file used : /home/pi/.config/lxsession/LXDE-pi/desktop.conf
** Message: settings.vala:490: Reload the xsettings option
** Message: settings.vala:496: Desktop file change, reloading XSettings daemon
** Message: options.vala:186: Reload xsettings_manager build-in
** Message: utils.vala:68: User config used : /home/pi/.config/lxsession/LXDE-pi/desktop.conf
** Message: utils.vala:89: Final file used : /home/pi/.config/lxsession/LXDE-pi/desktop.conf
** Message: settings.vala:490: Reload the xsettings option
** Message: settings.vala:496: Desktop file change, reloading XSettings daemon
** Message: options.vala:186: Reload xsettings_manager build-in
** Message: utils.vala:68: User config used : /home/pi/.config/lxsession/LXDE-pi/desktop.conf
** Message: utils.vala:89: Final file used : /home/pi/.config/lxsession/LXDE-pi/desktop.conf
** Message: settings.vala:490: Reload the xsettings option
** Message: settings.vala:496: Desktop file change, reloading XSettings daemon
** Message: options.vala:186: Reload xsettings_manager build-in
** Message: utils.vala:68: User config used : /home/pi/.config/lxsession/LXDE-pi/desktop.conf
** Message: utils.vala:89: Final file used : /home/pi/.config/lxsession/LXDE-pi/desktop.conf
** Message: settings.vala:490: Reload the xsettings option
** Message: settings.vala:496: Desktop file change, reloading XSettings daemon
** Message: options.vala:186: Reload xsettings_manager build-in
** Message: utils.vala:68: User config used : /home/pi/.config/lxsession/LXDE-pi/desktop.conf
** Message: utils.vala:89: Final file used : /home/pi/.config/lxsession/LXDE-pi/desktop.conf
** Message: settings.vala:490: Reload the xsettings option
** Message: settings.vala:496: Desktop file change, reloading XSettings daemon
** Message: options.vala:186: Reload xsettings_manager build-in
** Message: utils.vala:68: User config used : /home/pi/.config/lxsession/LXDE-pi/desktop.conf
** Message: utils.vala:89: Final file used : /home/pi/.config/lxsession/LXDE-pi/desktop.conf
** Message: settings.vala:490: Reload the xsettings option
** Message: settings.vala:496: Desktop file change, reloading XSettings daemon
** Message: options.vala:186: Reload xsettings_manager build-in
** Message: utils.vala:68: User config used : /home/pi/.config/lxsession/LXDE-pi/desktop.conf
** Message: utils.vala:89: Final file used : /home/pi/.config/lxsession/LXDE-pi/desktop.conf
** Message: settings.vala:490: Reload the xsettings option
** Message: settings.vala:496: Desktop file change, reloading XSettings daemon
** Message: options.vala:186: Reload xsettings_manager build-in
** Message: utils.vala:68: User config used : /home/pi/.config/lxsession/LXDE-pi/desktop.conf
** Message: utils.vala:89: Final file used : /home/pi/.config/lxsession/LXDE-pi/desktop.conf
** Message: settings.vala:490: Reload the xsettings option
** Message: settings.vala:496: Desktop file change, reloading XSettings daemon
** Message: options.vala:186: Reload xsettings_manager build-in
** Message: utils.vala:68: User config used : /home/pi/.config/lxsession/LXDE-pi/desktop.conf
** Message: utils.vala:89: Final file used : /home/pi/.config/lxsession/LXDE-pi/desktop.conf
** Message: settings.vala:490: Reload the xsettings option
** Message: settings.vala:496: Desktop file change, reloading XSettings daemon
** Message: options.vala:186: Reload xsettings_manager build-in
** Message: utils.vala:68: User config used : /home/pi/.config/lxsession/LXDE-pi/desktop.conf
** Message: utils.vala:89: Final file used : /home/pi/.config/lxsession/LXDE-pi/desktop.conf
** Message: settings.vala:490: Reload the xsettings option
** Message: settings.vala:496: Desktop file change, reloading XSettings daemon
** Message: options.vala:186: Reload xsettings_manager build-in
** Message: utils.vala:68: User config used : /home/pi/.config/lxsession/LXDE-pi/desktop.conf
** Message: utils.vala:89: Final file used : /home/pi/.config/lxsession/LXDE-pi/desktop.conf
** Message: settings.vala:490: Reload the xsettings option
** Message: settings.vala:496: Desktop file change, reloading XSettings daemon
** Message: options.vala:186: Reload xsettings_manager build-in
** Message: utils.vala:68: User config used : /home/pi/.config/lxsession/LXDE-pi/desktop.conf
** Message: utils.vala:89: Final file used : /home/pi/.config/lxsession/LXDE-pi/desktop.conf
** Message: settings.vala:490: Reload the xsettings option
** Message: settings.vala:496: Desktop file change, reloading XSettings daemon
** Message: options.vala:186: Reload xsettings_manager build-in
** Message: utils.vala:68: User config used : /home/pi/.config/lxsession/LXDE-pi/desktop.conf
** Message: utils.vala:89: Final file used : /home/pi/.config/lxsession/LXDE-pi/desktop.conf
** Message: settings.vala:490: Reload the xsettings option
** Message: settings.vala:496: Desktop file change, reloading XSettings daemon
** Message: options.vala:186: Reload xsettings_manager build-in
** Message: utils.vala:68: User config used : /home/pi/.config/lxsession/LXDE-pi/desktop.conf
** Message: utils.vala:89: Final file used : /home/pi/.config/lxsession/LXDE-pi/desktop.conf
** Message: settings.vala:490: Reload the xsettings option
** Message: settings.vala:496: Desktop file change, reloading XSettings daemon
** Message: options.vala:186: Reload xsettings_manager build-in
** Message: utils.vala:68: User config used : /home/pi/.config/lxsession/LXDE-pi/desktop.conf
** Message: utils.vala:89: Final file used : /home/pi/.config/lxsession/LXDE-pi/desktop.conf
** Message: settings.vala:490: Reload the xsettings option
** Message: settings.vala:496: Desktop file change, reloading XSettings daemon
** Message: options.vala:186: Reload xsettings_manager build-in
** Message: utils.vala:68: User config used : /home/pi/.config/lxsession/LXDE-pi/desktop.conf
** Message: utils.vala:89: Final file used : /home/pi/.config/lxsession/LXDE-pi/desktop.conf
** Message: settings.vala:490: Reload the xsettings option
** Message: settings.vala:496: Desktop file change, reloading XSettings daemon
** Message: options.vala:186: Reload xsettings_manager build-in
** Message: utils.vala:68: User config used : /home/pi/.config/lxsession/LXDE-pi/desktop.conf
** Message: utils.vala:89: Final file used : /home/pi/.config/lxsession/LXDE-pi/desktop.conf
** Message: settings.vala:490: Reload the xsettings option
** Message: settings.vala:496: Desktop file change, reloading XSettings daemon
** Message: options.vala:186: Reload xsettings_manager build-in
** Message: utils.vala:68: User config used : /home/pi/.config/lxsession/LXDE-pi/desktop.conf
** Message: utils.vala:89: Final file used : /home/pi/.config/lxsession/LXDE-pi/desktop.conf
** Message: settings.vala:490: Reload the xsettings option
** Message: settings.vala:496: Desktop file change, reloading XSettings daemon
** Message: options.vala:186: Reload xsettings_manager build-in
** Message: utils.vala:68: User config used : /home/pi/.config/lxsession/LXDE-pi/desktop.conf
** Message: utils.vala:89: Final file used : /home/pi/.config/lxsession/LXDE-pi/desktop.conf
** Message: settings.vala:490: Reload the xsettings option
** Message: settings.vala:496: Desktop file change, reloading XSettings daemon
** Message: options.vala:186: Reload xsettings_manager build-in
** Message: utils.vala:68: User config used : /home/pi/.config/lxsession/LXDE-pi/desktop.conf
** Message: utils.vala:89: Final file used : /home/pi/.config/lxsession/LXDE-pi/desktop.conf
** Message: settings.vala:490: Reload the xsettings option
** Message: settings.vala:496: Desktop file change, reloading XSettings daemon
** Message: options.vala:186: Reload xsettings_manager build-in
** Message: utils.vala:68: User config used : /home/pi/.config/lxsession/LXDE-pi/desktop.conf
** Message: utils.vala:89: Final file used : /home/pi/.config/lxsession/LXDE-pi/desktop.conf
** Message: settings.vala:490: Reload the xsettings option
cat: /proc/0/cmdline: No such file or directory

** (lxpanel:1295): WARNING **: ltbp: fgets 'cat /proc/0/cmdline'
bootstrap_helper: /usr/lib/chromium-browser/nacl_helper: Cannot open ELF file!  errno=2
[1:1:1220/160232.889998:ERROR:nacl_fork_delegate_linux.cc(315)] Bad NaCl helper startup ack (0 bytes)
[4403:5452:1220/160818.736791:ERROR:object_proxy.cc(583)] Failed to call method: org.freedesktop.UPower.GetDisplayDevice: object_path= /org/freedesktop/UPower: org.freedesktop.DBus.Error.ServiceUnknown: The name org.freedesktop.UPower was not provided by any .service files
[4403:5452:1220/160818.739174:ERROR:object_proxy.cc(583)] Failed to call method: org.freedesktop.UPower.EnumerateDevices: object_path= /org/freedesktop/UPower: org.freedesktop.DBus.Error.ServiceUnknown: The name org.freedesktop.UPower was not provided by any .service files

(pcmanfm:1296): Gtk-WARNING **: Radio group does not contain an action with value '0'

(pcmanfm:1296): Gtk-WARNING **: Radio group does not contain an action with value '0'

(pcmanfm:1296): Gtk-WARNING **: Radio group does not contain an action with value '0'

(pcmanfm:1296): Gtk-WARNING **: Radio group does not contain an action with value '0'

(pcmanfm:1296): Gtk-WARNING **: Radio group does not contain an action with value '0'

(pcmanfm:1296): Gtk-WARNING **: Radio group does not contain an action with value '0'

(pcmanfm:1296): Gtk-WARNING **: Radio group does not contain an action with value '0'

(pcmanfm:1296): Gtk-WARNING **: Radio group does not contain an action with value '0'

(pcmanfm:1296): Gtk-WARNING **: Radio group does not contain an action with value '0'

(pcmanfm:1296): Gtk-WARNING **: Radio group does not contain an action with value '0'

(pcmanfm:1296): Gtk-WARNING **: Radio group does not contain an action with value '0'
